{
  "RSpec": {
    "coverage": {
      "/home/victorpow/workspace/ContatosApp/app/models/user.rb": {
        "lines": [
          1,
          null,
          null,
          1,
          null,
          null
        ]
      },
      "/home/victorpow/workspace/ContatosApp/app/models/application_record.rb": {
        "lines": [
          1,
          1,
          null
        ]
      },
      "/home/victorpow/workspace/ContatosApp/app/models/contact.rb": {
        "lines": [
          1,
          1,
          1,
          1,
          null,
          1,
          1,
          null
        ]
      },
      "/home/victorpow/workspace/ContatosApp/app/models/customer_contact.rb": {
        "lines": [
          1,
          1,
          1,
          null
        ]
      },
      "/home/victorpow/workspace/ContatosApp/app/models/customer.rb": {
        "lines": [
          1,
          1,
          1,
          1,
          null,
          1,
          1,
          null
        ]
      },
      "/home/victorpow/workspace/ContatosApp/app/controllers/application_controller.rb": {
        "lines": [
          1,
          null
        ]
      },
      "/home/victorpow/workspace/ContatosApp/app/controllers/home_controller.rb": {
        "lines": [
          1,
          1,
          null
        ]
      },
      "/home/victorpow/workspace/ContatosApp/app/controllers/contacts_controller.rb": {
        "lines": [
          1,
          1,
          null,
          1,
          6,
          null,
          null,
          1,
          1,
          null,
          null,
          1,
          1,
          1,
          1,
          null,
          0,
          null,
          null,
          null,
          1,
          null,
          1,
          null,
          1,
          2,
          1,
          null,
          1,
          null,
          null,
          null,
          1,
          1,
          1,
          null,
          null,
          1,
          null,
          1,
          3,
          null,
          null,
          1,
          10,
          null,
          null,
          null
        ]
      },
      "/home/victorpow/workspace/ContatosApp/app/controllers/customers_controller.rb": {
        "lines": [
          1,
          1,
          null,
          1,
          9,
          null,
          null,
          1,
          3,
          null,
          null,
          1,
          3,
          3,
          1,
          null,
          2,
          null,
          null,
          null,
          1,
          null,
          1,
          null,
          1,
          2,
          null,
          null,
          1,
          3,
          2,
          null,
          1,
          null,
          null,
          null,
          1,
          1,
          1,
          null,
          null,
          1,
          null,
          1,
          6,
          null,
          null,
          1,
          17,
          null,
          null,
          null
        ]
      }
    },
    "timestamp": 1598389406
  }
}
